Reading netlist file: "C:\Users\QuanHoang\OneDrive\Documents\FPGAGOW1N\MCUpicorv32\MCUpicorv32\impl\gwsynthesis\MCUpicorv32.vg"
Parsing netlist file "C:\Users\QuanHoang\OneDrive\Documents\FPGAGOW1N\MCUpicorv32\MCUpicorv32\impl\gwsynthesis\MCUpicorv32.vg" completed
Processing netlist completed
Reading constraint file: "C:\Users\QuanHoang\OneDrive\Documents\FPGAGOW1N\MCUpicorv32\MCUpicorv32\src\MCUpicorv32.cst"
Physical Constraint parsed completed
Running placement......
[10%] Placement Phase 0 completed
[20%] Placement Phase 1 completed
[30%] Placement Phase 2 completed
WARN  (TA1132) :  'clk' was determined to be a clock but was not created.
[50%] Placement Phase 3 completed
Running routing......
[60%] Routing Phase 0 completed
[70%] Routing Phase 1 completed
[80%] Routing Phase 2 completed
[90%] Routing Phase 3 completed
Running timing analysis......
[95%] Timing analysis completed
Placement and routing completed
Bitstream generation in progress......
Bitstream generation completed
Running power analysis......
[100%] Power analysis completed
Generate file "C:\Users\QuanHoang\OneDrive\Documents\FPGAGOW1N\MCUpicorv32\MCUpicorv32\impl\pnr\MCUpicorv32.power.html" completed
Generate file "C:\Users\QuanHoang\OneDrive\Documents\FPGAGOW1N\MCUpicorv32\MCUpicorv32\impl\pnr\MCUpicorv32.pin.html" completed
Generate file "C:\Users\QuanHoang\OneDrive\Documents\FPGAGOW1N\MCUpicorv32\MCUpicorv32\impl\pnr\MCUpicorv32.rpt.html" completed
Generate file "C:\Users\QuanHoang\OneDrive\Documents\FPGAGOW1N\MCUpicorv32\MCUpicorv32\impl\pnr\MCUpicorv32.rpt.txt" completed
Generate file "C:\Users\QuanHoang\OneDrive\Documents\FPGAGOW1N\MCUpicorv32\MCUpicorv32\impl\pnr\MCUpicorv32.tr.html" completed
Mon Mar  2 00:38:58 2026

