GowinSynthesis start
Running parser ...
Analyzing Verilog file 'C:\Users\Quarinees\Downloads\MCUpicorv32\MCUpicorv32\src\gpio.v'
Analyzing Verilog file 'C:\Users\Quarinees\Downloads\MCUpicorv32\MCUpicorv32\src\i2c.v'
Analyzing Verilog file 'C:\Users\Quarinees\Downloads\MCUpicorv32\MCUpicorv32\src\picorv32.v'
Analyzing Verilog file 'C:\Users\Quarinees\Downloads\MCUpicorv32\MCUpicorv32\src\ram.v'
Analyzing Verilog file 'C:\Users\Quarinees\Downloads\MCUpicorv32\MCUpicorv32\src\spi.v'
Analyzing Verilog file 'C:\Users\Quarinees\Downloads\MCUpicorv32\MCUpicorv32\src\timer.v'
Analyzing Verilog file 'C:\Users\Quarinees\Downloads\MCUpicorv32\MCUpicorv32\src\top.v'
Analyzing Verilog file 'C:\Users\Quarinees\Downloads\MCUpicorv32\MCUpicorv32\src\uart.v'
Compiling module 'top'("C:\Users\Quarinees\Downloads\MCUpicorv32\MCUpicorv32\src\top.v":19)
Compiling module 'simpleram'("C:\Users\Quarinees\Downloads\MCUpicorv32\MCUpicorv32\src\ram.v":1)
Extracting RAM for identifier 'memory'("C:\Users\Quarinees\Downloads\MCUpicorv32\MCUpicorv32\src\ram.v":14)
Compiling module 'simpleuart'("C:\Users\Quarinees\Downloads\MCUpicorv32\MCUpicorv32\src\uart.v":2)
WARN  (EX3791) : Expression size 32 truncated to fit in target size 4("C:\Users\Quarinees\Downloads\MCUpicorv32\MCUpicorv32\src\uart.v":70)
WARN  (EX3791) : Expression size 5 truncated to fit in target size 4("C:\Users\Quarinees\Downloads\MCUpicorv32\MCUpicorv32\src\uart.v":132)
Compiling module 'simplegpio'("C:\Users\Quarinees\Downloads\MCUpicorv32\MCUpicorv32\src\gpio.v":1)
Compiling module 'simpletimer'("C:\Users\Quarinees\Downloads\MCUpicorv32\MCUpicorv32\src\timer.v":4)
Extracting RAM for identifier 'ch_top'("C:\Users\Quarinees\Downloads\MCUpicorv32\MCUpicorv32\src\timer.v":100)
Extracting RAM for identifier 'ch_cmp'("C:\Users\Quarinees\Downloads\MCUpicorv32\MCUpicorv32\src\timer.v":101)
Extracting RAM for identifier 'ch_cnt'("C:\Users\Quarinees\Downloads\MCUpicorv32\MCUpicorv32\src\timer.v":102)
Compiling module 'simplespi(DEFAULT_DIV=62)'("C:\Users\Quarinees\Downloads\MCUpicorv32\MCUpicorv32\src\spi.v":3)
WARN  (EX3791) : Expression size 32 truncated to fit in target size 3("C:\Users\Quarinees\Downloads\MCUpicorv32\MCUpicorv32\src\spi.v":196)
WARN  (EX3791) : Expression size 32 truncated to fit in target size 3("C:\Users\Quarinees\Downloads\MCUpicorv32\MCUpicorv32\src\spi.v":228)
WARN  (EX3791) : Expression size 32 truncated to fit in target size 4("C:\Users\Quarinees\Downloads\MCUpicorv32\MCUpicorv32\src\spi.v":242)
Compiling module 'i2c_master'("C:\Users\Quarinees\Downloads\MCUpicorv32\MCUpicorv32\src\i2c.v":18)
Compiling module 'picorv32(ENABLE_COUNTERS64=0,BARREL_SHIFTER=1,ENABLE_MUL=1,ENABLE_DIV=1,ENABLE_IRQ=1,REGS_INIT_ZERO=1,MASKED_IRQ=32'b0,STACKADDR=32'h0000_7FFF)'("C:\Users\Quarinees\Downloads\MCUpicorv32\MCUpicorv32\src\picorv32.v":62)
Extracting RAM for identifier 'cpuregs'("C:\Users\Quarinees\Downloads\MCUpicorv32\MCUpicorv32\src\picorv32.v":203)
Compiling module 'picorv32_pcpi_mul'("C:\Users\Quarinees\Downloads\MCUpicorv32\MCUpicorv32\src\picorv32.v":2197)
WARN  (EX3791) : Expression size 32 truncated to fit in target size 7("C:\Users\Quarinees\Downloads\MCUpicorv32\MCUpicorv32\src\picorv32.v":2299)
WARN  (EX3791) : Expression size 64 truncated to fit in target size 32("C:\Users\Quarinees\Downloads\MCUpicorv32\MCUpicorv32\src\picorv32.v":2313)
Compiling module 'picorv32_pcpi_div'("C:\Users\Quarinees\Downloads\MCUpicorv32\MCUpicorv32\src\picorv32.v":2420)
WARN  (EX3791) : Expression size 63 truncated to fit in target size 32("C:\Users\Quarinees\Downloads\MCUpicorv32\MCUpicorv32\src\picorv32.v":2499)
WARN  (EX3826) : Synthesis - simulation differences may occur when using parallel_case directive("C:\Users\Quarinees\Downloads\MCUpicorv32\MCUpicorv32\src\picorv32.v":332)
WARN  (EX3827) : Synthesis - simulation differences may occur when using full_case directive("C:\Users\Quarinees\Downloads\MCUpicorv32\MCUpicorv32\src\picorv32.v":403)
WARN  (EX3791) : Expression size 6 truncated to fit in target size 5("C:\Users\Quarinees\Downloads\MCUpicorv32\MCUpicorv32\src\picorv32.v":799)
WARN  (EX3791) : Expression size 6 truncated to fit in target size 5("C:\Users\Quarinees\Downloads\MCUpicorv32\MCUpicorv32\src\picorv32.v":801)
WARN  (EX3791) : Expression size 6 truncated to fit in target size 5("C:\Users\Quarinees\Downloads\MCUpicorv32\MCUpicorv32\src\picorv32.v":832)
WARN  (EX3791) : Expression size 6 truncated to fit in target size 5("C:\Users\Quarinees\Downloads\MCUpicorv32\MCUpicorv32\src\picorv32.v":834)
WARN  (EX3826) : Synthesis - simulation differences may occur when using parallel_case directive("C:\Users\Quarinees\Downloads\MCUpicorv32\MCUpicorv32\src\picorv32.v":1120)
WARN  (EX3791) : Expression size 33 truncated to fit in target size 32("C:\Users\Quarinees\Downloads\MCUpicorv32\MCUpicorv32\src\picorv32.v":1245)
WARN  (EX3791) : Expression size 32 truncated to fit in target size 1("C:\Users\Quarinees\Downloads\MCUpicorv32\MCUpicorv32\src\picorv32.v":1250)
WARN  (EX3827) : Synthesis - simulation differences may occur when using full_case directive("C:\Users\Quarinees\Downloads\MCUpicorv32\MCUpicorv32\src\picorv32.v":1252)
WARN  (EX3826) : Synthesis - simulation differences may occur when using parallel_case directive("C:\Users\Quarinees\Downloads\MCUpicorv32\MCUpicorv32\src\picorv32.v":1252)
WARN  (EX3827) : Synthesis - simulation differences may occur when using full_case directive("C:\Users\Quarinees\Downloads\MCUpicorv32\MCUpicorv32\src\picorv32.v":1269)
WARN  (EX3826) : Synthesis - simulation differences may occur when using parallel_case directive("C:\Users\Quarinees\Downloads\MCUpicorv32\MCUpicorv32\src\picorv32.v":1269)
WARN  (EX3826) : Synthesis - simulation differences may occur when using parallel_case directive("C:\Users\Quarinees\Downloads\MCUpicorv32\MCUpicorv32\src\picorv32.v":1315)
WARN  (EX3791) : Expression size 32 truncated to fit in target size 6("C:\Users\Quarinees\Downloads\MCUpicorv32\MCUpicorv32\src\picorv32.v":1349)
WARN  (EX3791) : Expression size 32 truncated to fit in target size 5("C:\Users\Quarinees\Downloads\MCUpicorv32\MCUpicorv32\src\picorv32.v":1404)
WARN  (EX3791) : Expression size 32 truncated to fit in target size 4("C:\Users\Quarinees\Downloads\MCUpicorv32\MCUpicorv32\src\picorv32.v":1426)
WARN  (EX3826) : Synthesis - simulation differences may occur when using parallel_case directive("C:\Users\Quarinees\Downloads\MCUpicorv32\MCUpicorv32\src\picorv32.v":1498)
WARN  (EX3791) : Expression size 32 truncated to fit in target size 5("C:\Users\Quarinees\Downloads\MCUpicorv32\MCUpicorv32\src\picorv32.v":1594)
WARN  (EX3827) : Synthesis - simulation differences may occur when using full_case directive("C:\Users\Quarinees\Downloads\MCUpicorv32\MCUpicorv32\src\picorv32.v":1628)
WARN  (EX3826) : Synthesis - simulation differences may occur when using parallel_case directive("C:\Users\Quarinees\Downloads\MCUpicorv32\MCUpicorv32\src\picorv32.v":1628)
WARN  (EX3826) : Synthesis - simulation differences may occur when using parallel_case directive("C:\Users\Quarinees\Downloads\MCUpicorv32\MCUpicorv32\src\picorv32.v":1584)
WARN  (EX3791) : Expression size 32 truncated to fit in target size 5("C:\Users\Quarinees\Downloads\MCUpicorv32\MCUpicorv32\src\picorv32.v":1731)
WARN  (EX3826) : Synthesis - simulation differences may occur when using parallel_case directive("C:\Users\Quarinees\Downloads\MCUpicorv32\MCUpicorv32\src\picorv32.v":1736)
WARN  (EX3791) : Expression size 32 truncated to fit in target size 5("C:\Users\Quarinees\Downloads\MCUpicorv32\MCUpicorv32\src\picorv32.v":1761)
WARN  (EX3826) : Synthesis - simulation differences may occur when using parallel_case directive("C:\Users\Quarinees\Downloads\MCUpicorv32\MCUpicorv32\src\picorv32.v":1767)
WARN  (EX3827) : Synthesis - simulation differences may occur when using full_case directive("C:\Users\Quarinees\Downloads\MCUpicorv32\MCUpicorv32\src\picorv32.v":1837)
WARN  (EX3826) : Synthesis - simulation differences may occur when using parallel_case directive("C:\Users\Quarinees\Downloads\MCUpicorv32\MCUpicorv32\src\picorv32.v":1837)
WARN  (EX3791) : Expression size 32 truncated to fit in target size 5("C:\Users\Quarinees\Downloads\MCUpicorv32\MCUpicorv32\src\picorv32.v":1842)
WARN  (EX3827) : Synthesis - simulation differences may occur when using full_case directive("C:\Users\Quarinees\Downloads\MCUpicorv32\MCUpicorv32\src\picorv32.v":1845)
WARN  (EX3826) : Synthesis - simulation differences may occur when using parallel_case directive("C:\Users\Quarinees\Downloads\MCUpicorv32\MCUpicorv32\src\picorv32.v":1845)
WARN  (EX3791) : Expression size 32 truncated to fit in target size 5("C:\Users\Quarinees\Downloads\MCUpicorv32\MCUpicorv32\src\picorv32.v":1850)
WARN  (EX3827) : Synthesis - simulation differences may occur when using full_case directive("C:\Users\Quarinees\Downloads\MCUpicorv32\MCUpicorv32\src\picorv32.v":1860)
WARN  (EX3826) : Synthesis - simulation differences may occur when using parallel_case directive("C:\Users\Quarinees\Downloads\MCUpicorv32\MCUpicorv32\src\picorv32.v":1860)
WARN  (EX3827) : Synthesis - simulation differences may occur when using full_case directive("C:\Users\Quarinees\Downloads\MCUpicorv32\MCUpicorv32\src\picorv32.v":1885)
WARN  (EX3826) : Synthesis - simulation differences may occur when using parallel_case directive("C:\Users\Quarinees\Downloads\MCUpicorv32\MCUpicorv32\src\picorv32.v":1885)
WARN  (EX3827) : Synthesis - simulation differences may occur when using full_case directive("C:\Users\Quarinees\Downloads\MCUpicorv32\MCUpicorv32\src\picorv32.v":1902)
WARN  (EX3826) : Synthesis - simulation differences may occur when using parallel_case directive("C:\Users\Quarinees\Downloads\MCUpicorv32\MCUpicorv32\src\picorv32.v":1902)
WARN  (EX3827) : Synthesis - simulation differences may occur when using full_case directive("C:\Users\Quarinees\Downloads\MCUpicorv32\MCUpicorv32\src\picorv32.v":1486)
NOTE  (EX0101) : Current top module is "top"
[5%] Running netlist conversion ...
Running device independent optimization ...
[10%] Optimizing Phase 0 completed
[15%] Optimizing Phase 1 completed
[25%] Optimizing Phase 2 completed
Running inference ...
[30%] Inferring Phase 0 completed
[40%] Inferring Phase 1 completed
[50%] Inferring Phase 2 completed
[55%] Inferring Phase 3 completed
Running technical mapping ...
[60%] Tech-Mapping Phase 0 completed
[65%] Tech-Mapping Phase 1 completed
[75%] Tech-Mapping Phase 2 completed
[80%] Tech-Mapping Phase 3 completed
[90%] Tech-Mapping Phase 4 completed
[95%] Generate netlist file "C:\Users\Quarinees\Downloads\MCUpicorv32\MCUpicorv32\impl\gwsynthesis\MCUpicorv32.vg" completed
[100%] Generate report file "C:\Users\Quarinees\Downloads\MCUpicorv32\MCUpicorv32\impl\gwsynthesis\MCUpicorv32_syn.rpt.html" completed
GowinSynthesis finish
